<?xml version="1.0" encoding="UTF-8"?>
<testng-results ignored="0" total="1" passed="0" failed="1" skipped="0">
  <reporter-output>
  </reporter-output>
  <suite started-at="2025-03-01T23:18:04 SGT" name="Default suite" finished-at="2025-03-01T23:18:08 SGT" duration-ms="3430">
    <groups>
      <group name="cucumber">
        <method signature="AbstractTestNGCucumberTests.runScenario(io.cucumber.testng.PickleWrapper,io.cucumber.testng.FeatureWrapper)[pri:0, instance:cucumberOptions.FailedTestRunner@2b4bac49]" name="runScenario" class="io.cucumber.testng.AbstractTestNGCucumberTests"/>
      </group> <!-- cucumber -->
    </groups>
    <test started-at="2025-03-01T23:18:04 SGT" name="Default test" finished-at="2025-03-01T23:18:08 SGT" duration-ms="3430">
      <class name="cucumberOptions.FailedTestRunner">
        <test-method is-config="true" signature="setUpClass(org.testng.ITestContext)[pri:0, instance:cucumberOptions.FailedTestRunner@2b4bac49]" started-at="2025-03-01T23:18:04 SGT" name="setUpClass" finished-at="2025-03-01T23:18:05 SGT" duration-ms="301" status="PASS">
          <params>
            <param index="0">
              <value>
                <![CDATA[org.testng.TestRunner@4248e66b]]>
              </value>
            </param>
          </params>
          <reporter-output>
          </reporter-output>
        </test-method> <!-- setUpClass -->
        <test-method signature="runScenario(io.cucumber.testng.PickleWrapper,io.cucumber.testng.FeatureWrapper)[pri:0, instance:cucumberOptions.FailedTestRunner@2b4bac49]" started-at="2025-03-01T23:18:05 SGT" name="runScenario" description="Runs Cucumber Scenarios" data-provider="scenarios" finished-at="2025-03-01T23:18:08 SGT" duration-ms="2948" status="FAIL">
          <params>
            <param index="0">
              <value>
                <![CDATA["verify title of the link"]]>
              </value>
            </param>
            <param index="1">
              <value>
                <![CDATA["Verify one of the hyperlink title"]]>
              </value>
            </param>
          </params>
          <exception class="java.lang.AssertionError">
            <message>
              <![CDATA[expected [Quick Start – React] but found [Quick Start – React11]]]>
            </message>
            <full-stacktrace>
              <![CDATA[java.lang.AssertionError: expected [Quick Start – React] but found [Quick Start – React11]
at org.testng.Assert.fail(Assert.java:111)
at org.testng.Assert.failNotEquals(Assert.java:1578)
at org.testng.Assert.assertEqualsImpl(Assert.java:150)
at org.testng.Assert.assertEquals(Assert.java:132)
at org.testng.Assert.assertEquals(Assert.java:656)
at org.testng.Assert.assertEquals(Assert.java:666)
at stepDefinitions.VerifyTitleStepDefinition.user_should_verify_the_page_title(VerifyTitleStepDefinition.java:42)
at ✽.user should verify the page title(file:///Users/vb/Documents/MYProjects/workspace/todoMVC/ReactTodoMVC/src/test/java/features/VerifyTitle.feature:7)
]]>
            </full-stacktrace>
          </exception> <!-- java.lang.AssertionError -->
          <reporter-output>
          </reporter-output>
        </test-method> <!-- runScenario -->
        <test-method is-config="true" signature="tearDownClass()[pri:0, instance:cucumberOptions.FailedTestRunner@2b4bac49]" started-at="2025-03-01T23:18:08 SGT" name="tearDownClass" finished-at="2025-03-01T23:18:08 SGT" duration-ms="156" status="PASS">
          <reporter-output>
          </reporter-output>
        </test-method> <!-- tearDownClass -->
      </class> <!-- cucumberOptions.FailedTestRunner -->
    </test> <!-- Default test -->
  </suite> <!-- Default suite -->
</testng-results>
