<?xml version="1.0" encoding="UTF-8"?>
<!-- Generated by org.testng.reporters.JUnitReportReporter -->
<testsuite hostname="vbs-MacBook-Pro.local" failures="1" tests="2" name="cucumberOptions.TestNGTestRunner" time="22.259" errors="0" timestamp="2025-03-01T23:09:54 SGT" skipped="0">
  <testcase classname="cucumberOptions.TestNGTestRunner" name="runScenario" time="18.203"/>
  <testcase classname="cucumberOptions.TestNGTestRunner" name="runScenario" time="4.056">
    <failure message="expected [Quick Start – React] but found [Quick Start – React11]" type="java.lang.AssertionError">
      <![CDATA[java.lang.AssertionError: expected [Quick Start – React] but found [Quick Start – React11]
at org.testng.Assert.fail(Assert.java:111)
at org.testng.Assert.failNotEquals(Assert.java:1578)
at org.testng.Assert.assertEqualsImpl(Assert.java:150)
at org.testng.Assert.assertEquals(Assert.java:132)
at org.testng.Assert.assertEquals(Assert.java:656)
at org.testng.Assert.assertEquals(Assert.java:666)
at stepDefinitions.VerifyTitleStepDefinition.user_should_verify_the_page_title(VerifyTitleStepDefinition.java:42)
at ✽.user should verify the page title(file:///Users/vb/Documents/MYProjects/workspace/todoMVC/ReactTodoMVC/src/test/java/features/VerifyTitle.feature:7)
]]>
    </failure>
  </testcase> <!-- runScenario -->
</testsuite> <!-- cucumberOptions.TestNGTestRunner -->
